获取频道消息成功: 2024-03-17 11:26:11+00:00, **Ex-Soviet republics see heal...
获取频道消息成功: 2024-03-17 10:49:06+00:00, ...
获取rtnews_unc3频道的消息的工作已完成
** 前苏联各共和国的投票率很高
**
俄罗斯公民在阿塞拜疆...
翻译失败，状态码: 400
翻译和处理rtnews_unc3频道消息的工作已完成
成功上传翻译后的rtnews_unc3频道消息: 共1条
获取cnnee频道的消息的工作已完成
翻译和处理cnnee频道消息的工作已完成
cnnee频道没有新的消息需要上传
成功上传翻译后的cnnee频道消息: 共0条
获取BBCScienceTech频道的消息的工作已完成
翻译和处理BBCScienceTech频道消息的工作已完成
BBCScienceTech频道没有新的消息需要上传
成功上传翻译后的BBCScienceTech频道消息: 共0条
获取BBCWorldoffl频道的消息的工作已完成
翻译和处理BBCWorldoffl频道消息的工作已完成
BBCWorldoffl频道没有新的消息需要上传
成功上传翻译后的BBCWorldoffl频道消息: 共0条
获取nytimes频道的消息的工作已完成
翻译和处理nytimes频道消息的工作已完成
nytimes频道没有新的消息需要上传
成功上传翻译后的nytimes频道消息: 共0条
获取bloomberg频道的消息的工作已完成
翻译和处理bloomberg频道消息的工作已完成
bloomberg频道没有新的消息需要上传
成功上传翻译后的bloomberg频道消息: 共0条
获取ReutersWorldChannel频道的消息的工作已完成
翻译和处理ReutersWorldChannel频道消息的工作已完成
ReutersWorldChannel频道没有新的消息需要上传
成功上传翻译后的ReutersWorldChannel频道消息: 共0条
获取频道消息成功: 2024-03-17 11:38:03+00:00, **Beijing voting draws hundred...
获取频道消息成功: 2024-03-17 10:49:06+00:00, ...
获取rtnews_unc3频道的消息的工作已完成
**北京投票吸引了数百名俄罗斯人
**
周日，数百名俄罗斯公...
翻译失败，状态码: 400
翻译和处理rtnews_unc3频道消息的工作已完成
成功上传翻译后的rtnews_unc3频道消息: 共1条
获取cnnee频道的消息的工作已完成
翻译和处理cnnee频道消息的工作已完成
cnnee频道没有新的消息需要上传
成功上传翻译后的cnnee频道消息: 共0条
获取BBCScienceTech频道的消息的工作已完成
翻译和处理BBCScienceTech频道消息的工作已完成
BBCScienceTech频道没有新的消息需要上传
成功上传翻译后的BBCScienceTech频道消息: 共0条
获取BBCWorldoffl频道的消息的工作已完成
翻译和处理BBCWorldoffl频道消息的工作已完成
BBCWorldoffl频道没有新的消息需要上传
成功上传翻译后的BBCWorldoffl频道消息: 共0条
获取nytimes频道的消息的工作已完成
翻译和处理nytimes频道消息的工作已完成
nytimes频道没有新的消息需要上传
成功上传翻译后的nytimes频道消息: 共0条
获取bloomberg频道的消息的工作已完成
翻译和处理bloomberg频道消息的工作已完成
bloomberg频道没有新的消息需要上传
成功上传翻译后的bloomberg频道消息: 共0条
获取ReutersWorldChannel频道的消息的工作已完成
翻译和处理ReutersWorldChannel频道消息的工作已完成
ReutersWorldChannel频道没有新的消息需要上传
成功上传翻译后的ReutersWorldChannel频道消息: 共0条
获取频道消息成功: 2024-03-17 10:49:06+00:00, ...
获取rtnews_unc3频道的消息的工作已完成
翻译失败，状态码: 400
翻译和处理rtnews_unc3频道消息的工作已完成
rtnews_unc3频道没有新的消息需要上传
成功上传翻译后的rtnews_unc3频道消息: 共0条
获取cnnee频道的消息的工作已完成
翻译和处理cnnee频道消息的工作已完成
cnnee频道没有新的消息需要上传
成功上传翻译后的cnnee频道消息: 共0条
获取BBCScienceTech频道的消息的工作已完成
翻译和处理BBCScienceTech频道消息的工作已完成
BBCScienceTech频道没有新的消息需要上传
成功上传翻译后的BBCScienceTech频道消息: 共0条
获取BBCWorldoffl频道的消息的工作已完成
翻译和处理BBCWorldoffl频道消息的工作已完成
BBCWorldoffl频道没有新的消息需要上传
成功上传翻译后的BBCWorldoffl频道消息: 共0条
获取nytimes频道的消息的工作已完成
翻译和处理nytimes频道消息的工作已完成
nytimes频道没有新的消息需要上传
成功上传翻译后的nytimes频道消息: 共0条
获取bloomberg频道的消息的工作已完成
翻译和处理bloomberg频道消息的工作已完成
bloomberg频道没有新的消息需要上传
成功上传翻译后的bloomberg频道消息: 共0条
获取ReutersWorldChannel频道的消息的工作已完成
翻译和处理ReutersWorldChannel频道消息的工作已完成
ReutersWorldChannel频道没有新的消息需要上传
成功上传翻译后的ReutersWorldChannel频道消息: 共0条
获取频道消息成功: 2024-03-17 10:49:06+00:00, ...
获取rtnews_unc3频道的消息的工作已完成
翻译失败，状态码: 400
翻译和处理rtnews_unc3频道消息的工作已完成
rtnews_unc3频道没有新的消息需要上传
成功上传翻译后的rtnews_unc3频道消息: 共0条
获取cnnee频道的消息的工作已完成
翻译和处理cnnee频道消息的工作已完成
cnnee频道没有新的消息需要上传
成功上传翻译后的cnnee频道消息: 共0条
获取BBCScienceTech频道的消息的工作已完成
翻译和处理BBCScienceTech频道消息的工作已完成
BBCScienceTech频道没有新的消息需要上传
成功上传翻译后的BBCScienceTech频道消息: 共0条
获取BBCWorldoffl频道的消息的工作已完成
翻译和处理BBCWorldoffl频道消息的工作已完成
BBCWorldoffl频道没有新的消息需要上传
成功上传翻译后的BBCWorldoffl频道消息: 共0条
获取nytimes频道的消息的工作已完成
翻译和处理nytimes频道消息的工作已完成
nytimes频道没有新的消息需要上传
成功上传翻译后的nytimes频道消息: 共0条
获取bloomberg频道的消息的工作已完成
翻译和处理bloomberg频道消息的工作已完成
bloomberg频道没有新的消息需要上传
成功上传翻译后的bloomberg频道消息: 共0条
获取ReutersWorldChannel频道的消息的工作已完成
翻译和处理ReutersWorldChannel频道消息的工作已完成
ReutersWorldChannel频道没有新的消息需要上传
成功上传翻译后的ReutersWorldChannel频道消息: 共0条
获取频道消息成功: 2024-03-17 10:49:06+00:00, ...
获取rtnews_unc3频道的消息的工作已完成
翻译失败，状态码: 400
翻译和处理rtnews_unc3频道消息的工作已完成
rtnews_unc3频道没有新的消息需要上传
成功上传翻译后的rtnews_unc3频道消息: 共0条
获取cnnee频道的消息的工作已完成
翻译和处理cnnee频道消息的工作已完成
cnnee频道没有新的消息需要上传
成功上传翻译后的cnnee频道消息: 共0条
获取BBCScienceTech频道的消息的工作已完成
翻译和处理BBCScienceTech频道消息的工作已完成
BBCScienceTech频道没有新的消息需要上传
成功上传翻译后的BBCScienceTech频道消息: 共0条
获取BBCWorldoffl频道的消息的工作已完成
翻译和处理BBCWorldoffl频道消息的工作已完成
BBCWorldoffl频道没有新的消息需要上传
成功上传翻译后的BBCWorldoffl频道消息: 共0条
获取nytimes频道的消息的工作已完成
翻译和处理nytimes频道消息的工作已完成
nytimes频道没有新的消息需要上传
成功上传翻译后的nytimes频道消息: 共0条
获取bloomberg频道的消息的工作已完成
翻译和处理bloomberg频道消息的工作已完成
bloomberg频道没有新的消息需要上传
成功上传翻译后的bloomberg频道消息: 共0条
获取ReutersWorldChannel频道的消息的工作已完成
翻译和处理ReutersWorldChannel频道消息的工作已完成
ReutersWorldChannel频道没有新的消息需要上传
成功上传翻译后的ReutersWorldChannel频道消息: 共0条
获取频道消息成功: 2024-03-17 10:49:06+00:00, ...
